This is pdfTeX, Version 3.14159265-2.6-1.40.19 (TeX Live 2018/W32TeX) (preloaded format=pdflatex 2019.4.13)  15 APR 2019 11:18
entering extended mode
 restricted \write18 enabled.
 %&-line parsing enabled.
**SagaRules.tex
(./SagaRules.tex
LaTeX2e <2018-12-01>
(c:/texlive/2018/texmf-dist/tex/latex/base/article.cls
Document Class: article 2018/09/03 v1.4i Standard LaTeX document class
(c:/texlive/2018/texmf-dist/tex/latex/base/size11.clo
File: size11.clo 2018/09/03 v1.4i Standard LaTeX file (size option)
)
\c@part=\count80
\c@section=\count81
\c@subsection=\count82
\c@subsubsection=\count83
\c@paragraph=\count84
\c@subparagraph=\count85
\c@figure=\count86
\c@table=\count87
\abovecaptionskip=\skip41
\belowcaptionskip=\skip42
\bibindent=\dimen102
)
(c:/texlive/2018/texmf-dist/tex/latex/base/inputenc.sty
Package: inputenc 2018/08/11 v1.3c Input encoding file
\inpenc@prehook=\toks14
\inpenc@posthook=\toks15
)
(c:/texlive/2018/texmf-dist/tex/latex/amsmath/amsmath.sty
Package: amsmath 2018/12/01 v2.17b AMS math features
\@mathmargin=\skip43

For additional information on amsmath, use the `?' option.
(c:/texlive/2018/texmf-dist/tex/latex/amsmath/amstext.sty
Package: amstext 2000/06/29 v2.01 AMS text

(c:/texlive/2018/texmf-dist/tex/latex/amsmath/amsgen.sty
File: amsgen.sty 1999/11/30 v2.0 generic functions
\@emptytoks=\toks16
\ex@=\dimen103
))
(c:/texlive/2018/texmf-dist/tex/latex/amsmath/amsbsy.sty
Package: amsbsy 1999/11/29 v1.2d Bold Symbols
\pmbraise@=\dimen104
)
(c:/texlive/2018/texmf-dist/tex/latex/amsmath/amsopn.sty
Package: amsopn 2016/03/08 v2.02 operator names
)
\inf@bad=\count88
LaTeX Info: Redefining \frac on input line 223.
\uproot@=\count89
\leftroot@=\count90
LaTeX Info: Redefining \overline on input line 385.
\classnum@=\count91
\DOTSCASE@=\count92
LaTeX Info: Redefining \ldots on input line 482.
LaTeX Info: Redefining \dots on input line 485.
LaTeX Info: Redefining \cdots on input line 606.
\Mathstrutbox@=\box27
\strutbox@=\box28
\big@size=\dimen105
LaTeX Font Info:    Redeclaring font encoding OML on input line 729.
LaTeX Font Info:    Redeclaring font encoding OMS on input line 730.
\macc@depth=\count93
\c@MaxMatrixCols=\count94
\dotsspace@=\muskip10
\c@parentequation=\count95
\dspbrk@lvl=\count96
\tag@help=\toks17
\row@=\count97
\column@=\count98
\maxfields@=\count99
\andhelp@=\toks18
\eqnshift@=\dimen106
\alignsep@=\dimen107
\tagshift@=\dimen108
\tagwidth@=\dimen109
\totwidth@=\dimen110
\lineht@=\dimen111
\@envbody=\toks19
\multlinegap=\skip44
\multlinetaggap=\skip45
\mathdisplay@stack=\toks20
LaTeX Info: Redefining \[ on input line 2844.
LaTeX Info: Redefining \] on input line 2845.
)
(c:/texlive/2018/texmf-dist/tex/latex/amscls/amsthm.sty
Package: amsthm 2017/10/31 v2.20.4
\thm@style=\toks21
\thm@bodyfont=\toks22
\thm@headfont=\toks23
\thm@notefont=\toks24
\thm@headpunct=\toks25
\thm@preskip=\skip46
\thm@postskip=\skip47
\thm@headsep=\skip48
\dth@everypar=\toks26
)
(c:/texlive/2018/texmf-dist/tex/latex/amsfonts/amssymb.sty
Package: amssymb 2013/01/14 v3.01 AMS font symbols

(c:/texlive/2018/texmf-dist/tex/latex/amsfonts/amsfonts.sty
Package: amsfonts 2013/01/14 v3.01 Basic AMSFonts support
\symAMSa=\mathgroup4
\symAMSb=\mathgroup5
LaTeX Font Info:    Overwriting math alphabet `\mathfrak' in version `bold'
(Font)                  U/euf/m/n --> U/euf/b/n on input line 106.
))
(c:/texlive/2018/texmf-dist/tex/latex/t2/mathtext.sty
Package: mathtext 2018/04/14 v1.0 transparent text-and-math defs
LaTeX Info: Redefining \halign on input line 121.
)
(c:/texlive/2018/texmf-dist/tex/latex/base/fontenc.sty
Package: fontenc 2018/08/11 v2.0j Standard LaTeX package

(c:/texlive/2018/texmf-dist/tex/latex/base/t1enc.def
File: t1enc.def 2018/08/11 v2.0j Standard LaTeX file
LaTeX Font Info:    Redeclaring font encoding T1 on input line 48.
\symT1letters=\mathgroup6
)
(c:/texlive/2018/texmf-dist/tex/latex/cyrillic/t2aenc.def
File: t2aenc.def 2005/09/27 v1.0i Cyrillic encoding definition file
Now handling font encoding T2A ...
... processing UTF-8 mapping file for font encoding T2A

(c:/texlive/2018/texmf-dist/tex/latex/base/t2aenc.dfu
File: t2aenc.dfu 2018/10/05 v1.2f UTF-8 support for inputenc
   defining Unicode char U+00A4 (decimal 164)
   defining Unicode char U+00A7 (decimal 167)
   defining Unicode char U+00AB (decimal 171)
   defining Unicode char U+00BB (decimal 187)
   defining Unicode char U+0131 (decimal 305)
   defining Unicode char U+0237 (decimal 567)
   defining Unicode char U+0400 (decimal 1024)
   defining Unicode char U+0401 (decimal 1025)
   defining Unicode char U+0402 (decimal 1026)
   defining Unicode char U+0403 (decimal 1027)
   defining Unicode char U+0404 (decimal 1028)
   defining Unicode char U+0405 (decimal 1029)
   defining Unicode char U+0406 (decimal 1030)
   defining Unicode char U+0407 (decimal 1031)
   defining Unicode char U+0408 (decimal 1032)
   defining Unicode char U+0409 (decimal 1033)
   defining Unicode char U+040A (decimal 1034)
   defining Unicode char U+040B (decimal 1035)
   defining Unicode char U+040C (decimal 1036)
   defining Unicode char U+040D (decimal 1037)
   defining Unicode char U+040E (decimal 1038)
   defining Unicode char U+040F (decimal 1039)
   defining Unicode char U+0410 (decimal 1040)
   defining Unicode char U+0411 (decimal 1041)
   defining Unicode char U+0412 (decimal 1042)
   defining Unicode char U+0413 (decimal 1043)
   defining Unicode char U+0414 (decimal 1044)
   defining Unicode char U+0415 (decimal 1045)
   defining Unicode char U+0416 (decimal 1046)
   defining Unicode char U+0417 (decimal 1047)
   defining Unicode char U+0418 (decimal 1048)
   defining Unicode char U+0419 (decimal 1049)
   defining Unicode char U+041A (decimal 1050)
   defining Unicode char U+041B (decimal 1051)
   defining Unicode char U+041C (decimal 1052)
   defining Unicode char U+041D (decimal 1053)
   defining Unicode char U+041E (decimal 1054)
   defining Unicode char U+041F (decimal 1055)
   defining Unicode char U+0420 (decimal 1056)
   defining Unicode char U+0421 (decimal 1057)
   defining Unicode char U+0422 (decimal 1058)
   defining Unicode char U+0423 (decimal 1059)
   defining Unicode char U+0424 (decimal 1060)
   defining Unicode char U+0425 (decimal 1061)
   defining Unicode char U+0426 (decimal 1062)
   defining Unicode char U+0427 (decimal 1063)
   defining Unicode char U+0428 (decimal 1064)
   defining Unicode char U+0429 (decimal 1065)
   defining Unicode char U+042A (decimal 1066)
   defining Unicode char U+042B (decimal 1067)
   defining Unicode char U+042C (decimal 1068)
   defining Unicode char U+042D (decimal 1069)
   defining Unicode char U+042E (decimal 1070)
   defining Unicode char U+042F (decimal 1071)
   defining Unicode char U+0430 (decimal 1072)
   defining Unicode char U+0431 (decimal 1073)
   defining Unicode char U+0432 (decimal 1074)
   defining Unicode char U+0433 (decimal 1075)
   defining Unicode char U+0434 (decimal 1076)
   defining Unicode char U+0435 (decimal 1077)
   defining Unicode char U+0436 (decimal 1078)
   defining Unicode char U+0437 (decimal 1079)
   defining Unicode char U+0438 (decimal 1080)
   defining Unicode char U+0439 (decimal 1081)
   defining Unicode char U+043A (decimal 1082)
   defining Unicode char U+043B (decimal 1083)
   defining Unicode char U+043C (decimal 1084)
   defining Unicode char U+043D (decimal 1085)
   defining Unicode char U+043E (decimal 1086)
   defining Unicode char U+043F (decimal 1087)
   defining Unicode char U+0440 (decimal 1088)
   defining Unicode char U+0441 (decimal 1089)
   defining Unicode char U+0442 (decimal 1090)
   defining Unicode char U+0443 (decimal 1091)
   defining Unicode char U+0444 (decimal 1092)
   defining Unicode char U+0445 (decimal 1093)
   defining Unicode char U+0446 (decimal 1094)
   defining Unicode char U+0447 (decimal 1095)
   defining Unicode char U+0448 (decimal 1096)
   defining Unicode char U+0449 (decimal 1097)
   defining Unicode char U+044A (decimal 1098)
   defining Unicode char U+044B (decimal 1099)
   defining Unicode char U+044C (decimal 1100)
   defining Unicode char U+044D (decimal 1101)
   defining Unicode char U+044E (decimal 1102)
   defining Unicode char U+044F (decimal 1103)
   defining Unicode char U+0450 (decimal 1104)
   defining Unicode char U+0451 (decimal 1105)
   defining Unicode char U+0452 (decimal 1106)
   defining Unicode char U+0453 (decimal 1107)
   defining Unicode char U+0454 (decimal 1108)
   defining Unicode char U+0455 (decimal 1109)
   defining Unicode char U+0456 (decimal 1110)
   defining Unicode char U+0457 (decimal 1111)
   defining Unicode char U+0458 (decimal 1112)
   defining Unicode char U+0459 (decimal 1113)
   defining Unicode char U+045A (decimal 1114)
   defining Unicode char U+045B (decimal 1115)
   defining Unicode char U+045C (decimal 1116)
   defining Unicode char U+045D (decimal 1117)
   defining Unicode char U+045E (decimal 1118)
   defining Unicode char U+045F (decimal 1119)
   defining Unicode char U+0490 (decimal 1168)
   defining Unicode char U+0491 (decimal 1169)
   defining Unicode char U+0492 (decimal 1170)
   defining Unicode char U+0493 (decimal 1171)
   defining Unicode char U+0496 (decimal 1174)
   defining Unicode char U+0497 (decimal 1175)
   defining Unicode char U+0498 (decimal 1176)
   defining Unicode char U+0499 (decimal 1177)
   defining Unicode char U+049A (decimal 1178)
   defining Unicode char U+049B (decimal 1179)
   defining Unicode char U+049C (decimal 1180)
   defining Unicode char U+049D (decimal 1181)
   defining Unicode char U+04A0 (decimal 1184)
   defining Unicode char U+04A1 (decimal 1185)
   defining Unicode char U+04A2 (decimal 1186)
   defining Unicode char U+04A3 (decimal 1187)
   defining Unicode char U+04A4 (decimal 1188)
   defining Unicode char U+04A5 (decimal 1189)
   defining Unicode char U+04AA (decimal 1194)
   defining Unicode char U+04AB (decimal 1195)
   defining Unicode char U+04AE (decimal 1198)
   defining Unicode char U+04AF (decimal 1199)
   defining Unicode char U+04B0 (decimal 1200)
   defining Unicode char U+04B1 (decimal 1201)
   defining Unicode char U+04B2 (decimal 1202)
   defining Unicode char U+04B3 (decimal 1203)
   defining Unicode char U+04B6 (decimal 1206)
   defining Unicode char U+04B7 (decimal 1207)
   defining Unicode char U+04B8 (decimal 1208)
   defining Unicode char U+04B9 (decimal 1209)
   defining Unicode char U+04BA (decimal 1210)
   defining Unicode char U+04BB (decimal 1211)
   defining Unicode char U+04C0 (decimal 1216)
   defining Unicode char U+04C1 (decimal 1217)
   defining Unicode char U+04C2 (decimal 1218)
   defining Unicode char U+04D0 (decimal 1232)
   defining Unicode char U+04D1 (decimal 1233)
   defining Unicode char U+04D2 (decimal 1234)
   defining Unicode char U+04D3 (decimal 1235)
   defining Unicode char U+04D4 (decimal 1236)
   defining Unicode char U+04D5 (decimal 1237)
   defining Unicode char U+04D6 (decimal 1238)
   defining Unicode char U+04D7 (decimal 1239)
   defining Unicode char U+04D8 (decimal 1240)
   defining Unicode char U+04D9 (decimal 1241)
   defining Unicode char U+04DA (decimal 1242)
   defining Unicode char U+04DB (decimal 1243)
   defining Unicode char U+04DC (decimal 1244)
   defining Unicode char U+04DD (decimal 1245)
   defining Unicode char U+04DE (decimal 1246)
   defining Unicode char U+04DF (decimal 1247)
   defining Unicode char U+04E2 (decimal 1250)
   defining Unicode char U+04E3 (decimal 1251)
   defining Unicode char U+04E4 (decimal 1252)
   defining Unicode char U+04E5 (decimal 1253)
   defining Unicode char U+04E6 (decimal 1254)
   defining Unicode char U+04E7 (decimal 1255)
   defining Unicode char U+04E8 (decimal 1256)
   defining Unicode char U+04E9 (decimal 1257)
   defining Unicode char U+04EC (decimal 1260)
   defining Unicode char U+04ED (decimal 1261)
   defining Unicode char U+04EE (decimal 1262)
   defining Unicode char U+04EF (decimal 1263)
   defining Unicode char U+04F0 (decimal 1264)
   defining Unicode char U+04F1 (decimal 1265)
   defining Unicode char U+04F2 (decimal 1266)
   defining Unicode char U+04F3 (decimal 1267)
   defining Unicode char U+04F4 (decimal 1268)
   defining Unicode char U+04F5 (decimal 1269)
   defining Unicode char U+04F8 (decimal 1272)
   defining Unicode char U+04F9 (decimal 1273)
   defining Unicode char U+200C (decimal 8204)
   defining Unicode char U+2013 (decimal 8211)
   defining Unicode char U+2014 (decimal 8212)
   defining Unicode char U+2018 (decimal 8216)
   defining Unicode char U+2019 (decimal 8217)
   defining Unicode char U+201C (decimal 8220)
   defining Unicode char U+201D (decimal 8221)
   defining Unicode char U+201E (decimal 8222)
   defining Unicode char U+2030 (decimal 8240)
   defining Unicode char U+2031 (decimal 8241)
   defining Unicode char U+2116 (decimal 8470)
   defining Unicode char U+2329 (decimal 9001)
   defining Unicode char U+232A (decimal 9002)
   defining Unicode char U+2423 (decimal 9251)
)
\symT2Aletters=\mathgroup7
)
LaTeX Font Info:    Try loading font information for T2A+cmr on input line 105.


(c:/texlive/2018/texmf-dist/tex/latex/cyrillic/t2acmr.fd
File: t2acmr.fd 2001/08/11 v1.0a Computer Modern Cyrillic font definitions
))
(c:/texlive/2018/texmf-dist/tex/generic/babel/babel.sty
Package: babel 2018/11/13 3.27 The Babel package

(c:/texlive/2018/texmf-dist/tex/generic/babel/switch.def
File: switch.def 2018/11/13 3.27 Babel switching mechanism
)
(c:/texlive/2018/texmf-dist/tex/generic/babel-english/english.ldf
Language: english 2017/06/06 v3.3r English support from the babel system

(c:/texlive/2018/texmf-dist/tex/generic/babel/babel.def
File: babel.def 2018/11/13 3.27 Babel common definitions
\babel@savecnt=\count100
\U@D=\dimen112

(c:/texlive/2018/texmf-dist/tex/generic/babel/txtbabel.def)
\bbl@dirlevel=\count101
)
\l@canadian = a dialect from \language\l@american 
\l@australian = a dialect from \language\l@british 
\l@newzealand = a dialect from \language\l@british 
)
(c:/texlive/2018/texmf-dist/tex/generic/babel-russian/russianb.ldf
Language: russian 2017/08/12 1.3j Russian support for the Babel system
Package babel Info: Making " an active character on input line 120.
Package babel Info: Default for \cyrdash is provided on input line 157.
))
(c:/texlive/2018/texmf-dist/tex/latex/graphics/graphicx.sty
Package: graphicx 2017/06/01 v1.1a Enhanced LaTeX Graphics (DPC,SPQR)

(c:/texlive/2018/texmf-dist/tex/latex/graphics/keyval.sty
Package: keyval 2014/10/28 v1.15 key=value parser (DPC)
\KV@toks@=\toks27
)
(c:/texlive/2018/texmf-dist/tex/latex/graphics/graphics.sty
Package: graphics 2017/06/25 v1.2c Standard LaTeX Graphics (DPC,SPQR)

(c:/texlive/2018/texmf-dist/tex/latex/graphics/trig.sty
Package: trig 2016/01/03 v1.10 sin cos tan (DPC)
)
(c:/texlive/2018/texmf-dist/tex/latex/graphics-cfg/graphics.cfg
File: graphics.cfg 2016/06/04 v1.11 sample graphics configuration
)
Package graphics Info: Driver file: pdftex.def on input line 99.

(c:/texlive/2018/texmf-dist/tex/latex/graphics-def/pdftex.def
File: pdftex.def 2018/01/08 v1.0l Graphics/color driver for pdftex
))
\Gin@req@height=\dimen113
\Gin@req@width=\dimen114
)
(c:/texlive/2018/texmf-dist/tex/latex/url/url.sty
\Urlmuskip=\muskip11
Package: url 2013/09/16  ver 3.4  Verb mode for urls, etc.
)
(c:/texlive/2018/texmf-dist/tex/latex/float/float.sty
Package: float 2001/11/08 v1.3d Float enhancements (AL)
\c@float@type=\count102
\float@exts=\toks28
\float@box=\box29
\@float@everytoks=\toks29
\@floatcapt=\box30
) (./SagaRules.aux)
\openout1 = `SagaRules.aux'.

LaTeX Font Info:    Checking defaults for OML/cmm/m/it on input line 20.
LaTeX Font Info:    ... okay on input line 20.
LaTeX Font Info:    Checking defaults for T1/cmr/m/n on input line 20.
LaTeX Font Info:    ... okay on input line 20.
LaTeX Font Info:    Checking defaults for OT1/cmr/m/n on input line 20.
LaTeX Font Info:    ... okay on input line 20.
LaTeX Font Info:    Checking defaults for OMS/cmsy/m/n on input line 20.
LaTeX Font Info:    ... okay on input line 20.
LaTeX Font Info:    Checking defaults for OMX/cmex/m/n on input line 20.
LaTeX Font Info:    ... okay on input line 20.
LaTeX Font Info:    Checking defaults for U/cmr/m/n on input line 20.
LaTeX Font Info:    ... okay on input line 20.
LaTeX Font Info:    Checking defaults for T2A/cmr/m/n on input line 20.
LaTeX Font Info:    ... okay on input line 20.

(c:/texlive/2018/texmf-dist/tex/context/base/mkii/supp-pdf.mkii
[Loading MPS to PDF converter (version 2006.09.02).]
\scratchcounter=\count103
\scratchdimen=\dimen115
\scratchbox=\box31
\nofMPsegments=\count104
\nofMParguments=\count105
\everyMPshowfont=\toks30
\MPscratchCnt=\count106
\MPscratchDim=\dimen116
\MPnumerator=\count107
\makeMPintoPDFobject=\count108
\everyMPtoPDFconversion=\toks31
) (c:/texlive/2018/texmf-dist/tex/latex/oberdiek/epstopdf-base.sty
Package: epstopdf-base 2016/05/15 v2.6 Base part for package epstopdf

(c:/texlive/2018/texmf-dist/tex/generic/oberdiek/infwarerr.sty
Package: infwarerr 2016/05/16 v1.4 Providing info/warning/error messages (HO)
)
(c:/texlive/2018/texmf-dist/tex/latex/oberdiek/grfext.sty
Package: grfext 2016/05/16 v1.2 Manage graphics extensions (HO)

(c:/texlive/2018/texmf-dist/tex/generic/oberdiek/kvdefinekeys.sty
Package: kvdefinekeys 2016/05/16 v1.4 Define keys (HO)

(c:/texlive/2018/texmf-dist/tex/generic/oberdiek/ltxcmds.sty
Package: ltxcmds 2016/05/16 v1.23 LaTeX kernel commands for general use (HO)
)))
(c:/texlive/2018/texmf-dist/tex/latex/oberdiek/kvoptions.sty
Package: kvoptions 2016/05/16 v3.12 Key value format for package options (HO)

(c:/texlive/2018/texmf-dist/tex/generic/oberdiek/kvsetkeys.sty
Package: kvsetkeys 2016/05/16 v1.17 Key value parser (HO)

(c:/texlive/2018/texmf-dist/tex/generic/oberdiek/etexcmds.sty
Package: etexcmds 2016/05/16 v1.6 Avoid name clashes with e-TeX commands (HO)

(c:/texlive/2018/texmf-dist/tex/generic/oberdiek/ifluatex.sty
Package: ifluatex 2016/05/16 v1.4 Provides the ifluatex switch (HO)
Package ifluatex Info: LuaTeX not detected.
)
Package etexcmds Info: Could not find \expanded.
(etexcmds)             That can mean that you are not using pdfTeX 1.50 or
(etexcmds)             that some package has redefined \expanded.
(etexcmds)             In the latter case, load this package earlier.
)))
(c:/texlive/2018/texmf-dist/tex/generic/oberdiek/pdftexcmds.sty
Package: pdftexcmds 2018/09/10 v0.29 Utility functions of pdfTeX for LuaTeX (HO
)

(c:/texlive/2018/texmf-dist/tex/generic/oberdiek/ifpdf.sty
Package: ifpdf 2018/09/07 v3.3 Provides the ifpdf switch
)
Package pdftexcmds Info: LuaTeX not detected.
Package pdftexcmds Info: \pdf@primitive is available.
Package pdftexcmds Info: \pdf@ifprimitive is available.
Package pdftexcmds Info: \pdfdraftmode found.
)
Package epstopdf-base Info: Redefining graphics rule for `.eps' on input line 4
38.
Package grfext Info: Graphics extension search list:
(grfext)             [.pdf,.png,.jpg,.mps,.jpeg,.jbig2,.jb2,.PDF,.PNG,.JPG,.JPE
G,.JBIG2,.JB2,.eps]
(grfext)             \AppendGraphicsExtensions on input line 456.

(c:/texlive/2018/texmf-dist/tex/latex/latexconfig/epstopdf-sys.cfg
File: epstopdf-sys.cfg 2010/07/13 v1.3 Configuration of (r)epstopdf for TeX Liv
e
))
LaTeX Font Info:    Try loading font information for U+msa on input line 21.

(c:/texlive/2018/texmf-dist/tex/latex/amsfonts/umsa.fd
File: umsa.fd 2013/01/14 v3.01 AMS symbols A
)
LaTeX Font Info:    Try loading font information for U+msb on input line 21.

(c:/texlive/2018/texmf-dist/tex/latex/amsfonts/umsb.fd
File: umsb.fd 2013/01/14 v3.01 AMS symbols B
) [1

{c:/texlive/2018/texmf-var/fonts/map/pdftex/updmap/pdftex.map}] (./SagaRules.to
c)
\tf@toc=\write3
\openout3 = `SagaRules.toc'.

 [2]

LaTeX Font Warning: Font shape `T2A/cmr/m/n' in size <13> not available
(Font)              size <12> substituted on input line 31.


LaTeX Font Warning: Font shape `T2A/cmr/bx/n' in size <13> not available
(Font)              size <12> substituted on input line 33.


LaTeX Font Warning: Font shape `T2A/cmr/bx/it' in size <13> not available
(Font)              size <12> substituted on input line 33.


Underfull \hbox (badness 10000) in paragraph at lines 38--41

 []


Underfull \hbox (badness 10000) in paragraph at lines 38--41

 []

[3]

LaTeX Font Warning: Font shape `T2A/cmr/m/n' in size <15> not available
(Font)              size <14.4> substituted on input line 43.


LaTeX Font Warning: Font shape `T2A/cmr/m/it' in size <15> not available
(Font)              size <14.4> substituted on input line 44.


Underfull \hbox (badness 10000) in paragraph at lines 44--48

 []

<pics/SagaBoard.png, id=19, 497.60907pt x 232.61906pt>
File: pics/SagaBoard.png Graphic file (type png)
<use pics/SagaBoard.png>
Package pdftex.def Info: pics/SagaBoard.png  used on input line 52.
(pdftex.def)             Requested size: 360.0pt x 168.29486pt.

Underfull \hbox (badness 10000) in paragraph at lines 49--54

 []


Underfull \hbox (badness 10000) in paragraph at lines 49--54

 []


Underfull \hbox (badness 10000) in paragraph at lines 49--54

 []


Underfull \hbox (badness 10000) in paragraph at lines 49--54

 []


Underfull \hbox (badness 10000) in paragraph at lines 49--54

 []


Underfull \hbox (badness 10000) in paragraph at lines 49--54

 []

[4 <./pics/SagaBoard.png (PNG copy)>]
LaTeX Font Info:    Try loading font information for OMS+cmr on input line 55.

(c:/texlive/2018/texmf-dist/tex/latex/base/omscmr.fd
File: omscmr.fd 2014/09/29 v2.5h Standard LaTeX font definitions
)
LaTeX Font Info:    Font shape `OMS/cmr/m/n' in size <10.95> not available
(Font)              Font shape `OMS/cmsy/m/n' tried instead on input line 55.
LaTeX Font Info:    Try loading font information for T2A+cmtt on input line 60.


(c:/texlive/2018/texmf-dist/tex/latex/cyrillic/t2acmtt.fd
File: t2acmtt.fd 2001/08/11 v1.0a Computer Modern Cyrillic font definitions
)
<pics/SagaSticks.jpg, id=26, 1004.25188pt x 752.8125pt>
File: pics/SagaSticks.jpg Graphic file (type jpg)
<use pics/SagaSticks.jpg>
Package pdftex.def Info: pics/SagaSticks.jpg  used on input line 61.
(pdftex.def)             Requested size: 360.0pt x 269.86359pt.

Overfull \hbox (49.76416pt too wide) in paragraph at lines 60--64
\T2A/cmr/m/n/10.95 свои соб-ствен-ные по шаб-ло-нам, до-ступ-ным на на-шем сай-
те ($\T2A/cmtt/m/n/10.95 www . studio-[]tomahawk .
 []


Underfull \hbox (badness 10000) in paragraph at lines 60--64

 []


Underfull \hbox (badness 10000) in paragraph at lines 60--64

 []


Underfull \hbox (badness 10000) in paragraph at lines 60--64

 []


Underfull \hbox (badness 10000) in paragraph at lines 60--64

 []

[5 <./pics/SagaSticks.jpg>]
Underfull \hbox (badness 10000) in paragraph at lines 65--67

 []


Underfull \hbox (badness 10000) in paragraph at lines 65--67

 []


Overfull \hbox (1.52435pt too wide) in paragraph at lines 65--67
\T2A/cmr/m/it/10.95 поль-зо-вать-с€ по-н€-ти€ \T2A/cmr/bx/it/10.95 бан-да, во-е
н-ное фор-ми-ро-ва-ние, во-ен-на€ бан-
 []


Underfull \hbox (badness 10000) in paragraph at lines 68--71

 []


Underfull \hbox (badness 10000) in paragraph at lines 68--71

 []


Underfull \hbox (badness 10000) in paragraph at lines 68--71

 []


Underfull \hbox (badness 10000) in paragraph at lines 68--71

 []

[6]
Underfull \hbox (badness 10000) in paragraph at lines 76--79

 []


Underfull \hbox (badness 10000) in paragraph at lines 76--79

 []


Underfull \hbox (badness 10000) in paragraph at lines 76--79

 []


Underfull \hbox (badness 10000) in paragraph at lines 76--79

 []


Underfull \hbox (badness 10000) in paragraph at lines 80--83

 []

[7]
Underfull \hbox (badness 10000) in paragraph at lines 93--99

 []


Underfull \hbox (badness 10000) in paragraph at lines 93--99

 []


Underfull \hbox (badness 10000) in paragraph at lines 93--99

 []


Underfull \hbox (badness 10000) in paragraph at lines 93--99

 []


Underfull \hbox (badness 10000) in paragraph at lines 93--99

 []


Underfull \hbox (badness 10000) in paragraph at lines 93--99

 []


Underfull \hbox (badness 10000) in paragraph at lines 93--99

 []


Underfull \hbox (badness 10000) in paragraph at lines 102--103

 []


Underfull \hbox (badness 10000) in paragraph at lines 102--103

 []

[8]
Underfull \hbox (badness 10000) in paragraph at lines 104--106

 []


Underfull \hbox (badness 10000) in paragraph at lines 104--106

 []


Underfull \hbox (badness 10000) in paragraph at lines 107--108

 []


Underfull \hbox (badness 10000) in paragraph at lines 107--108

 []


Underfull \hbox (badness 10000) in paragraph at lines 111--115

 []


Underfull \hbox (badness 10000) in paragraph at lines 118--122

 []


Underfull \hbox (badness 10000) in paragraph at lines 118--122

 []


Underfull \hbox (badness 10000) in paragraph at lines 118--122

 []


Underfull \hbox (badness 10000) in paragraph at lines 118--122

 []


Underfull \hbox (badness 10000) in paragraph at lines 118--122

 []

[9]
Underfull \hbox (badness 10000) in paragraph at lines 131--132

 []


Underfull \hbox (badness 10000) in paragraph at lines 131--132

 []


Underfull \hbox (badness 10000) in paragraph at lines 139--140

 []


Underfull \hbox (badness 10000) in paragraph at lines 139--140

 []

[10]
Underfull \hbox (badness 10000) in paragraph at lines 143--145

 []


Underfull \hbox (badness 10000) in paragraph at lines 143--145

 []


Underfull \hbox (badness 10000) in paragraph at lines 143--145

 []


Underfull \hbox (badness 10000) in paragraph at lines 148--149

 []


Underfull \hbox (badness 10000) in paragraph at lines 148--149

 []


Underfull \hbox (badness 10000) in paragraph at lines 157--163

 []


Underfull \hbox (badness 10000) in paragraph at lines 157--163

 []


Underfull \hbox (badness 10000) in paragraph at lines 157--163

 []


Overfull \hbox (0.11482pt too wide) in paragraph at lines 157--163
\T2A/cmr/bx/it/10.95 «аметьте, что до-ста-точ-но ча-сти под-став-ки фи-гур-ки и
з под-
 []


Underfull \hbox (badness 10000) in paragraph at lines 157--163

 []


Underfull \hbox (badness 10000) in paragraph at lines 157--163

 []


Underfull \hbox (badness 10000) in paragraph at lines 157--163

 []

[11]
Underfull \hbox (badness 10000) in paragraph at lines 166--170

 []


Underfull \hbox (badness 10000) in paragraph at lines 173--176

 []


Underfull \hbox (badness 10000) in paragraph at lines 173--176

 []


Underfull \hbox (badness 10000) in paragraph at lines 173--176

 []


Underfull \hbox (badness 10000) in paragraph at lines 173--176

 []


Underfull \hbox (badness 10000) in paragraph at lines 179--181

 []


Underfull \hbox (badness 10000) in paragraph at lines 179--181

 []


Underfull \hbox (badness 10000) in paragraph at lines 179--181

 []

[12]
Underfull \hbox (badness 10000) in paragraph at lines 184--185

 []


Underfull \hbox (badness 10000) in paragraph at lines 184--185

 []


LaTeX Font Warning: Font shape `T2A/cmr/bx/it' in size <15> not available
(Font)              size <14.4> substituted on input line 189.


Underfull \hbox (badness 10000) in paragraph at lines 189--191

 []

LaTeX Font Info:    Font shape `OMS/cmr/m/n' in size <11> not available
(Font)              Font shape `OMS/cmsy/m/n' tried instead on input line 192.
[13]
Underfull \hbox (badness 10000) in paragraph at lines 204--206

 []

[14]
<pics/SagaBattleboard.jpg, id=63, 371.88937pt x 512.66531pt>
File: pics/SagaBattleboard.jpg Graphic file (type jpg)
<use pics/SagaBattleboard.jpg>
Package pdftex.def Info: pics/SagaBattleboard.jpg  used on input line 207.
(pdftex.def)             Requested size: 360.0pt x 496.29128pt.

Overfull \hbox (17.0pt too wide) in paragraph at lines 207--208
[][] 
 []


Underfull \hbox (badness 10000) in paragraph at lines 207--208

 []


Underfull \hbox (badness 10000) in paragraph at lines 207--208

 []


Underfull \hbox (badness 10000) in paragraph at lines 207--208

 []

[15 <./pics/SagaBattleboard.jpg>]
Underfull \hbox (badness 10000) in paragraph at lines 213--216

 []


Underfull \hbox (badness 10000) in paragraph at lines 213--216

 []


Underfull \hbox (badness 10000) in paragraph at lines 213--216

 []


Underfull \hbox (badness 10000) in paragraph at lines 213--216

 []


Underfull \hbox (badness 10000) in paragraph at lines 227--231

 []


Overfull \hbox (2.58382pt too wide) in paragraph at lines 227--231
\T2A/cmr/m/it/10.95 ко-то-рые раз-ру-ша-ют твои гран-ди-оз-ные пла-ны. —то-ит п
ри-вы-кать к это-
 []

[16]
Underfull \hbox (badness 10000) in paragraph at lines 248--270

 []


Underfull \hbox (badness 10000) in paragraph at lines 248--270

 []


Overfull \hbox (1.28772pt too wide) in paragraph at lines 248--270
\T2A/cmr/m/it/10.95 ¬ообрази ћир-ми-дон-цев, со-би-ра-ю-щих-с€ на-бро-сить-с€ н
а сво-их вра-гов “ро-
 []

LaTeX Font Info:    Font shape `OMS/cmr/m/it' in size <11> not available
(Font)              Font shape `OMS/cmsy/m/n' tried instead on input line 270.

Underfull \hbox (badness 10000) in paragraph at lines 275--277

 []


Underfull \hbox (badness 10000) in paragraph at lines 275--277

 []

[17]
Underfull \hbox (badness 10000) in paragraph at lines 280--284

 []


Underfull \hbox (badness 10000) in paragraph at lines 285--288

 []


Underfull \hbox (badness 10000) in paragraph at lines 285--288

 []

<pics/SagaPlacingDice.jpg, id=73, 185.19188pt x 175.40532pt>
File: pics/SagaPlacingDice.jpg Graphic file (type jpg)
<use pics/SagaPlacingDice.jpg>
Package pdftex.def Info: pics/SagaPlacingDice.jpg  used on input line 293.
(pdftex.def)             Requested size: 360.0pt x 340.98177pt.

Overfull \hbox (17.0pt too wide) in paragraph at lines 293--294
[][] 
 []


Underfull \vbox (badness 10000) has occurred while \output is active []

 [18]
[19 <./pics/SagaPlacingDice.jpg>]
<pics/SagaSeveralDiceAbility.png, id=81, 182.93344pt x 121.20282pt>
File: pics/SagaSeveralDiceAbility.png Graphic file (type png)
<use pics/SagaSeveralDiceAbility.png>
Package pdftex.def Info: pics/SagaSeveralDiceAbility.png  used on input line 30
6.
(pdftex.def)             Requested size: 360.0pt x 238.55272pt.
<pics/SagaMultipleDiceAbility.jpg, id=82, 196.48407pt x 139.27031pt>
File: pics/SagaMultipleDiceAbility.jpg Graphic file (type jpg)
<use pics/SagaMultipleDiceAbility.jpg>
Package pdftex.def Info: pics/SagaMultipleDiceAbility.jpg  used on input line 3
09.
(pdftex.def)             Requested size: 360.0pt x 255.19153pt.

Underfull \hbox (badness 10000) in paragraph at lines 301--312

 []


Underfull \hbox (badness 10000) in paragraph at lines 301--312

 []


Underfull \hbox (badness 10000) in paragraph at lines 301--312

 []


Underfull \hbox (badness 10000) in paragraph at lines 301--312

 []


Underfull \hbox (badness 10000) in paragraph at lines 301--312

 []


Underfull \hbox (badness 10000) in paragraph at lines 301--312

 []


Underfull \hbox (badness 10000) in paragraph at lines 301--312

 []


Underfull \hbox (badness 10000) in paragraph at lines 301--312

 []


Underfull \hbox (badness 10000) in paragraph at lines 301--312

 []


Underfull \hbox (badness 10000) in paragraph at lines 301--312

 []


Underfull \hbox (badness 10000) in paragraph at lines 301--312

 []


Underfull \hbox (badness 10000) in paragraph at lines 301--312

 []

[20 <./pics/SagaSeveralDiceAbility.png>]
Underfull \hbox (badness 10000) in paragraph at lines 313--315

 []


Underfull \hbox (badness 10000) in paragraph at lines 313--315

 []


Underfull \hbox (badness 10000) in paragraph at lines 313--315

 []


Underfull \vbox (badness 10000) has occurred while \output is active []

 [21 <./pics/SagaMultipleDiceAbility.jpg>]
Underfull \hbox (badness 10000) in paragraph at lines 322--325

 []


Underfull \hbox (badness 10000) in paragraph at lines 322--325

 []


Underfull \hbox (badness 10000) in paragraph at lines 322--325

 []


Underfull \hbox (badness 10000) in paragraph at lines 322--325

 []


Underfull \hbox (badness 10000) in paragraph at lines 322--325

 []


Underfull \hbox (badness 10000) in paragraph at lines 328--339

 []


Underfull \hbox (badness 10000) in paragraph at lines 328--339

 []


Underfull \hbox (badness 10000) in paragraph at lines 328--339

 []


Underfull \hbox (badness 10000) in paragraph at lines 328--339

 []


Underfull \hbox (badness 10000) in paragraph at lines 328--339

 []

[22] [23]
<pics/SagaActivationAbility.jpg, id=95, 189.70876pt x 123.46124pt>
File: pics/SagaActivationAbility.jpg Graphic file (type jpg)
<use pics/SagaActivationAbility.jpg>
Package pdftex.def Info: pics/SagaActivationAbility.jpg  used on input line 356
.
(pdftex.def)             Requested size: 360.0pt x 234.31125pt.

Underfull \hbox (badness 10000) in paragraph at lines 355--360

 []


Underfull \hbox (badness 10000) in paragraph at lines 355--360

 []


Underfull \hbox (badness 10000) in paragraph at lines 355--360

 []


Underfull \hbox (badness 10000) in paragraph at lines 355--360

 []

[24 <./pics/SagaActivationAbility.jpg>]
Underfull \hbox (badness 10000) in paragraph at lines 369--375

 []


Underfull \hbox (badness 10000) in paragraph at lines 369--375

 []


Underfull \hbox (badness 10000) in paragraph at lines 369--375

 []


Underfull \hbox (badness 10000) in paragraph at lines 369--375

 []


Underfull \hbox (badness 10000) in paragraph at lines 369--375

 []


Underfull \hbox (badness 10000) in paragraph at lines 369--375

 []


Underfull \hbox (badness 10000) in paragraph at lines 369--375

 []

[25]
Underfull \hbox (badness 10000) in paragraph at lines 381--383

 []


Underfull \hbox (badness 10000) in paragraph at lines 381--383

 []


Underfull \hbox (badness 10000) in paragraph at lines 381--383

 []


Underfull \hbox (badness 10000) in paragraph at lines 386--396

 []


Underfull \hbox (badness 10000) in paragraph at lines 386--396

 []


Underfull \hbox (badness 10000) in paragraph at lines 386--396

 []


Underfull \hbox (badness 10000) in paragraph at lines 386--396

 []

[26] [27]
Underfull \vbox (badness 10000) has occurred while \output is active []

 [28]
[29] (./SagaRules.aux)

LaTeX Font Warning: Size substitutions with differences
(Font)              up to 1.0pt have occurred.

 ) 
Here is how much of TeX's memory you used:
 4181 strings out of 492616
 53789 string characters out of 6132768
 124786 words of memory out of 5000000
 7973 multiletter control sequences out of 15000+600000
 27371 words of font info for 60 fonts, out of 8000000 for 9000
 1141 hyphenation exceptions out of 8191
 41i,6n,28p,1431b,206s stack positions out of 5000i,500n,10000p,200000b,80000s
{c:/texlive/2018/texmf-dist/fonts/enc/dvips/cm-super/cm-super-t2a.enc}<c:/tex
live/2018/texmf-dist/fonts/type1/public/amsfonts/cm/cmsy10.pfb><c:/texlive/2018
/texmf-dist/fonts/type1/public/cm-super/sfbi1095.pfb><c:/texlive/2018/texmf-dis
t/fonts/type1/public/cm-super/sfbi1200.pfb><c:/texlive/2018/texmf-dist/fonts/ty
pe1/public/cm-super/sfbi1440.pfb><c:/texlive/2018/texmf-dist/fonts/type1/public
/cm-super/sfbx1095.pfb><c:/texlive/2018/texmf-dist/fonts/type1/public/cm-super/
sfbx1200.pfb><c:/texlive/2018/texmf-dist/fonts/type1/public/cm-super/sfbx1440.p
fb><c:/texlive/2018/texmf-dist/fonts/type1/public/cm-super/sfbx1728.pfb><c:/tex
live/2018/texmf-dist/fonts/type1/public/cm-super/sfbx2074.pfb><c:/texlive/2018/
texmf-dist/fonts/type1/public/cm-super/sfrm1095.pfb><c:/texlive/2018/texmf-dist
/fonts/type1/public/cm-super/sfrm1200.pfb><c:/texlive/2018/texmf-dist/fonts/typ
e1/public/cm-super/sfti1095.pfb><c:/texlive/2018/texmf-dist/fonts/type1/public/
cm-super/sfti1440.pfb><c:/texlive/2018/texmf-dist/fonts/type1/public/cm-super/s
ftt1095.pfb>
Output written on SagaRules.pdf (29 pages, 1275594 bytes).
PDF statistics:
 162 PDF objects out of 1000 (max. 8388607)
 108 compressed objects within 2 object streams
 0 named destinations out of 1000 (max. 500000)
 36 words of extra memory for PDF output out of 10000 (max. 10000000)

